<?xml version="1.0" encoding="UTF-8" standalone="no"?>
<!DOCTYPE log SYSTEM "logger.dtd">
<log>
<record>
  <date>2025-11-12T08:40:59.766-0300</date>
  <logger>CARLOS ALBERTO LEAL DO NASCIMENTO</logger>
  <level>FINE</level>
  <message>File 124211099-CARLOS ALBERTO LEAL DO NASCIMENTO.zip was received. It was sent by CARLOS ALBERTO LEAL DO NASCIMENTO from IP 150.165.42.134 at 12-11-2025 08*40*59</message>
</record>
</log>
<?xml version="1.0" encoding="UTF-8" standalone="no"?>
<!DOCTYPE log SYSTEM "logger.dtd">
<log>
<record>
  <date>2025-11-12T09:20:54.642-0300</date>
  <logger>CARLOS ALBERTO LEAL DO NASCIMENTO</logger>
  <level>FINE</level>
  <message>File 124211099-CARLOS ALBERTO LEAL DO NASCIMENTO.zip was received. It was sent by CARLOS ALBERTO LEAL DO NASCIMENTO from IP 150.165.42.134 at 12-11-2025 09*20*54</message>
</record>
</log>
<?xml version="1.0" encoding="UTF-8" standalone="no"?>
<!DOCTYPE log SYSTEM "logger.dtd">
<log>
<record>
  <date>2025-11-14T10:33:09.003-0300</date>
  <logger>CARLOS ALBERTO LEAL DO NASCIMENTO</logger>
  <level>FINE</level>
  <message>File 124211099-CARLOS ALBERTO LEAL DO NASCIMENTO.zip was received. It was sent by CARLOS ALBERTO LEAL DO NASCIMENTO from IP 150.165.42.135 at 14-11-2025 10*33*08</message>
</record>
